=~=~=~=~=~=~=~=~=~=~=~= PuTTY log 2023.05.26 18:23:29 =~=~=~=~=~=~=~=~=~=~=~=
...........EB1)!)~ !9initial WiFi...
[ip.getway] begin...172.27.17.232
set pwd.....connectin..........
[WiFi.getway] begin...172.27.17.232
[WiFi.getway] begin...172.27.31.254
[WiFi.subnet] begin...255.255.224.0
MPU6050  found i2c_addr 0x"68"
....
....
....
Task running on Core 1
http://172.27.51.73:8614/amhsSensor/amhsVibration_cim.php?SENSOR_ID=172.27.17.232_0x68&machine_ID=machine_ID&ip=172.27.232.6&rssi=rssi&x_acc=0.01&y_acc=0.01&z_acc=0.02&max_x_acc=0.00&max_y_acc=0.01&max_z_acc=0.02&min_x_acc=0.01&min_y_acc=0.01&min_z_acc=0.02&x_z_ang=-6.96&y_z_ang=1.19&max_x_z_ang=-6.96&max_y_z_ang=1.19&min_x_z_ang=-6.96&min_y_z_ang=1.19&temperature=39.41
[HTTP] GET start...
Total heap size: 354384
Free heap size: 235916
Minimum free heap size: 234436
Largest free heap block: 113792
Allocated heap blocks: 
[HTTP] GET end...
[HTTP] GET... code: 200
PHP APP Start...

Data inserted successfully.
PHP APP End...


Task running on Core 1
http://172.27.51.73:8614/amhsSensor/amhsVibration_cim.php?SENSOR_ID=172.27.17.232_0x68&machine_ID=machine_ID&ip=172.27.232.6&rssi=rssi&x_acc=-0.01&y_acc=0.00&z_acc=0.03&max_x_acc=0.03&max_y_acc=0.03&max_z_acc=0.08&min_x_acc=-0.03&min_y_acc=-0.04&min_z_acc=-0.08&x_z_ang=-6.88&y_z_ang=1.14&max_x_z_ang=-6.71&max_y_z_ang=1.33&min_x_z_ang=-7.16&min_y_z_ang=0.86&temperature=39.39
[HTTP] GET start...
Total heap size: 354268
Free heap size: 235392
Minimum free heap size: 230848
Largest free heap block: 113792
Allocated heap blocks: 
[HTTP] GET end...
[HTTP] GET... code: 200
PHP APP Start...

Data inserted successfully.
PHP APP End...


Task running on Core 1
